2025-10-02 17:03:05 | Amadon | INFO     | _setup_logger:110 | Usando configuração avançada de logging
2025-10-02 17:03:05 | Amadon | INFO     | __init__:21 | Iniciando aplicação Amadon
2025-10-02 17:03:05 | Amadon | DEBUG    | __init__:25 | Janela principal configurada
2025-10-02 17:03:05 | Amadon | INFO     | <module>:205 | Aplicação Amadon iniciada com sucesso
2025-10-02 17:03:18 | Amadon | INFO     | <module>:211 | Aplicação encerrada normalmente com código: 0
2025-10-02 17:03:20 | Amadon | DEBUG    | <module>:148 | Mensagem de DEBUG
2025-10-02 17:03:20 | Amadon | INFO     | <module>:149 | Mensagem de INFO
2025-10-02 17:03:20 | Amadon | WARNING  | <module>:150 | Mensagem de WARNING
2025-10-02 17:03:20 | Amadon | ERROR    | <module>:151 | Mensagem de ERROR
2025-10-02 17:03:20 | Amadon | FATAL    | fatal:132 | Mensagem de FATAL - erro crítico
2025-10-02 17:10:36 | Amadon | INFO     | _setup_logger:110 | Usando configuração avançada de logging
2025-10-02 17:10:36 | Amadon | INFO     | __init__:21 | Iniciando aplicação Amadon
2025-10-02 17:10:36 | Amadon | DEBUG    | __init__:25 | Janela principal configurada
2025-10-02 17:10:36 | Amadon | INFO     | <module>:205 | Aplicação Amadon iniciada com sucesso
2025-10-02 17:10:57 | Amadon | INFO     | <module>:211 | Aplicação encerrada normalmente com código: 0
2025-10-02 17:17:07 | Amadon | INFO     | _setup_logger:113 | Usando configuração avançada de logging
2025-10-02 17:17:07 | Amadon | INFO     | __init__:21 | Iniciando aplicação Amadon
2025-10-02 17:17:07 | Amadon | DEBUG    | __init__:25 | Janela principal configurada
2025-10-02 17:17:07 | Amadon | INFO     | <module>:218 | Aplicação Amadon iniciada com sucesso
2025-10-02 17:18:29 | Amadon | INFO     | <module>:224 | Aplicação encerrada normalmente com código: 0
2025-10-02 17:21:09 | Amadon | INFO     | _setup_logger:138 | Usando configuração avançada de logging
2025-10-02 17:21:09 | Amadon | INFO     | __init__:47 | Iniciando aplicação Amadon
2025-10-02 17:21:09 | Amadon | DEBUG    | __init__:51 | Janela principal configurada
2025-10-02 17:21:09 | Amadon | INFO     | <module>:243 | Aplicação Amadon iniciada com sucesso
2025-10-02 17:21:30 | Amadon | INFO     | <module>:249 | Aplicação encerrada normalmente com código: 0
2025-10-02 17:26:40 | Amadon | INFO     | _setup_logger:143 | Usando configuração avançada de logging
2025-10-02 17:26:40 | Amadon | INFO     | __init__:47 | Iniciando aplicação Amadon
2025-10-02 17:26:40 | Amadon | DEBUG    | __init__:51 | Janela principal configurada
2025-10-02 17:26:40 | Amadon | INFO     | <module>:248 | Aplicação Amadon iniciada com sucesso
2025-10-02 17:26:53 | Amadon | INFO     | <module>:254 | Aplicação encerrada normalmente com código: 0
2025-10-02 17:47:00 | Amadon | INFO     | _setup_logger:151 | Usando configuração avançada de logging
2025-10-02 17:47:00 | Amadon | INFO     | __init__:52 | Iniciando aplicação Amadon
2025-10-02 17:47:00 | Amadon | DEBUG    | _apply_window_icon:263 | Ícone de janela aplicado com sucesso
2025-10-02 17:47:00 | Amadon | DEBUG    | __init__:59 | Janela principal configurada
2025-10-02 17:47:00 | Amadon | INFO     | <module>:356 | Aplicação Amadon iniciada com sucesso
2025-10-02 17:47:06 | Amadon | INFO     | <module>:362 | Aplicação encerrada normalmente com código: 0
2025-10-02 20:56:06 | Amadon | INFO     | info:76 | Usando configuração avançada de logging
2025-10-02 20:56:06 | Amadon | INFO     | info:76 | Iniciando aplicação Amadon
2025-10-02 20:56:06 | Amadon | DEBUG    | debug:71 | Ícone de janela aplicado com sucesso
2025-10-02 20:56:06 | Amadon | DEBUG    | debug:71 | Janela principal configurada
2025-10-02 20:56:06 | Amadon | INFO     | info:76 | Aplicação Amadon iniciada com sucesso
2025-10-02 20:56:18 | Amadon | INFO     | info:76 | Aplicação encerrada normalmente com código: 0
2025-10-02 20:58:46 | Amadon | INFO     | info:76 | Usando configuração avançada de logging
2025-10-02 20:58:46 | Amadon | INFO     | info:76 | Iniciando aplicação Amadon
2025-10-02 20:58:46 | Amadon | DEBUG    | debug:71 | Ícone de janela aplicado com sucesso
2025-10-02 20:58:46 | Amadon | DEBUG    | debug:71 | Janela principal configurada
2025-10-02 20:59:32 | Amadon | INFO     | info:76 | Usando configuração avançada de logging
2025-10-02 20:59:32 | Amadon | INFO     | info:76 | Iniciando aplicação Amadon
2025-10-02 20:59:32 | Amadon | DEBUG    | debug:71 | Ícone de janela aplicado com sucesso
2025-10-02 20:59:32 | Amadon | DEBUG    | debug:71 | Janela principal configurada
2025-10-02 20:59:32 | Amadon | INFO     | info:76 | Aplicação Amadon iniciada com sucesso
2025-10-02 20:59:37 | Amadon | INFO     | info:76 | Aplicação encerrada normalmente com código: 0
2025-10-02 21:01:07 | Amadon | INFO     | info:76 | Usando configuração avançada de logging
2025-10-02 21:01:07 | Amadon | INFO     | info:76 | Iniciando aplicação Amadon
2025-10-02 21:01:07 | Amadon | DEBUG    | debug:71 | Ícone de janela aplicado com sucesso
2025-10-02 21:01:07 | Amadon | DEBUG    | debug:71 | Janela principal configurada
2025-10-02 21:01:07 | Amadon | INFO     | info:76 | Aplicação Amadon iniciada com sucesso
2025-10-02 21:01:20 | Amadon | INFO     | info:76 | Aplicação encerrada normalmente com código: 0
2025-10-02 21:08:38 | Amadon | INFO     | info:76 | Usando configuração avançada de logging
2025-10-02 21:08:38 | Amadon | INFO     | info:76 | Iniciando aplicação Amadon
2025-10-02 21:08:38 | Amadon | DEBUG    | debug:71 | Ícone de janela aplicado com sucesso
2025-10-02 21:08:38 | Amadon | DEBUG    | debug:71 | Janela principal configurada
2025-10-02 21:08:38 | Amadon | INFO     | info:76 | Aplicação Amadon iniciada com sucesso
2025-10-02 21:11:48 | Amadon | INFO     | info:76 | Ação 'Novo Arquivo' executada pelo usuário
2025-10-02 21:11:48 | Amadon | DEBUG    | debug:71 | Interface atualizada após criação de novo arquivo
2025-10-02 21:11:51 | Amadon | INFO     | info:76 | Aplicação encerrada normalmente com código: 0
2025-10-02 21:18:22 | Amadon | INFO     | info:76 | Usando configuração avançada de logging
2025-10-02 21:18:22 | Amadon | INFO     | info:76 | Iniciando aplicação Amadon
2025-10-02 21:18:22 | Amadon | DEBUG    | debug:71 | Ícone de janela aplicado com sucesso
2025-10-02 21:18:22 | Amadon | DEBUG    | debug:71 | Janela principal configurada
2025-10-02 21:18:22 | Amadon | INFO     | info:76 | Aplicação Amadon iniciada com sucesso
2025-10-02 21:18:41 | Amadon | INFO     | info:76 | Aplicação encerrada normalmente com código: 0
2025-10-02 21:22:45 | Amadon | INFO     | info:76 | Usando configuração avançada de logging
2025-10-02 21:22:45 | Amadon | INFO     | info:76 | Iniciando aplicação Amadon
2025-10-02 21:22:45 | Amadon | DEBUG    | debug:71 | Ícone de janela aplicado com sucesso
2025-10-02 21:22:45 | Amadon | DEBUG    | debug:71 | Janela principal configurada
2025-10-02 21:22:45 | Amadon | INFO     | info:76 | Aplicação Amadon iniciada com sucesso
2025-10-02 21:23:48 | Amadon | INFO     | info:76 | Aplicação encerrada normalmente com código: 0
2025-10-02 21:24:37 | Amadon | INFO     | info:76 | Usando configuração avançada de logging
2025-10-02 21:24:37 | Amadon | INFO     | info:76 | Iniciando aplicação Amadon
2025-10-02 21:24:37 | Amadon | DEBUG    | debug:71 | Ícone de janela aplicado com sucesso
2025-10-02 21:24:37 | Amadon | DEBUG    | debug:71 | Janela principal configurada
2025-10-02 21:24:37 | Amadon | INFO     | info:76 | Aplicação Amadon iniciada com sucesso
2025-10-02 21:24:42 | Amadon | INFO     | info:76 | Aplicação encerrada normalmente com código: 0
2025-10-02 21:27:15 | Amadon | INFO     | info:76 | Usando configuração avançada de logging
2025-10-02 21:27:15 | Amadon | INFO     | info:76 | Iniciando aplicação Amadon
2025-10-02 21:27:15 | Amadon | DEBUG    | debug:71 | Ícone de janela aplicado com sucesso
2025-10-02 21:27:15 | Amadon | DEBUG    | debug:71 | Janela principal configurada
2025-10-02 21:27:15 | Amadon | INFO     | info:76 | Aplicação Amadon iniciada com sucesso
2025-10-02 21:27:24 | Amadon | INFO     | info:76 | Aplicação encerrada normalmente com código: 0
2025-10-02 21:27:32 | Amadon | INFO     | info:76 | Usando configuração avançada de logging
2025-10-02 21:27:32 | Amadon | INFO     | info:76 | Iniciando aplicação Amadon
2025-10-02 21:27:32 | Amadon | DEBUG    | debug:71 | Ícone de janela aplicado com sucesso
2025-10-02 21:27:32 | Amadon | DEBUG    | debug:71 | Janela principal configurada
2025-10-02 21:27:32 | Amadon | INFO     | info:76 | Aplicação Amadon iniciada com sucesso
2025-10-02 21:27:48 | Amadon | INFO     | info:76 | Aplicação encerrada normalmente com código: 0
2025-10-02 21:28:03 | Amadon | INFO     | info:76 | Usando configuração avançada de logging
2025-10-02 21:28:03 | Amadon | INFO     | info:76 | Iniciando aplicação Amadon
2025-10-02 21:28:03 | Amadon | DEBUG    | debug:71 | Ícone de janela aplicado com sucesso
2025-10-02 21:28:03 | Amadon | DEBUG    | debug:71 | Janela principal configurada
2025-10-02 21:28:03 | Amadon | INFO     | info:76 | Aplicação Amadon iniciada com sucesso
2025-10-02 21:28:06 | Amadon | INFO     | info:76 | Aplicação encerrada normalmente com código: 0
2025-10-02 21:28:51 | Amadon | INFO     | info:76 | Usando configuração avançada de logging
2025-10-02 21:28:51 | Amadon | INFO     | info:76 | Iniciando aplicação Amadon
2025-10-02 21:28:51 | Amadon | DEBUG    | debug:71 | Ícone de janela aplicado com sucesso
2025-10-02 21:28:51 | Amadon | DEBUG    | debug:71 | Janela principal configurada
2025-10-02 21:28:51 | Amadon | INFO     | info:76 | Aplicação Amadon iniciada com sucesso
2025-10-02 21:28:57 | Amadon | INFO     | info:76 | Aplicação encerrada normalmente com código: 0
2025-10-02 21:29:18 | Amadon | INFO     | info:76 | Usando configuração avançada de logging
2025-10-02 21:29:18 | Amadon | INFO     | info:76 | Iniciando aplicação Amadon
2025-10-02 21:29:18 | Amadon | DEBUG    | debug:71 | Ícone de janela aplicado com sucesso
2025-10-02 21:29:18 | Amadon | DEBUG    | debug:71 | Janela principal configurada
2025-10-02 21:29:18 | Amadon | INFO     | info:76 | Aplicação Amadon iniciada com sucesso
2025-10-02 21:29:26 | Amadon | INFO     | info:76 | Abrindo módulo: Busca (placeholder)
2025-10-02 21:29:29 | Amadon | INFO     | info:76 | Abrindo módulo: Assuntos (placeholder)
2025-10-02 21:29:30 | Amadon | INFO     | info:76 | Abrindo módulo: Artigos (placeholder)
2025-10-02 21:33:14 | Amadon | INFO     | info:76 | Aplicação encerrada normalmente com código: 0
2025-10-02 21:33:23 | Amadon | INFO     | info:76 | Usando configuração avançada de logging
2025-10-02 21:33:23 | Amadon | INFO     | info:76 | Iniciando aplicação Amadon
2025-10-02 21:33:23 | Amadon | DEBUG    | debug:71 | Ícone de janela aplicado com sucesso
2025-10-02 21:33:23 | Amadon | DEBUG    | debug:71 | Janela principal configurada
2025-10-02 21:33:23 | Amadon | INFO     | info:76 | Aplicação Amadon iniciada com sucesso
2025-10-02 21:34:20 | Amadon | INFO     | info:76 | Aplicação encerrada normalmente com código: 0
2025-10-02 21:36:20 | Amadon | INFO     | info:76 | Usando configuração avançada de logging
2025-10-02 21:36:20 | Amadon | INFO     | info:76 | Iniciando aplicação Amadon
2025-10-02 21:36:20 | Amadon | DEBUG    | debug:71 | Ícone de janela aplicado com sucesso
2025-10-02 21:36:20 | Amadon | DEBUG    | debug:71 | Janela principal configurada
2025-10-02 21:36:20 | Amadon | INFO     | info:76 | Aplicação Amadon iniciada com sucesso
2025-10-02 21:37:34 | Amadon | INFO     | info:76 | Abrindo módulo: Ajuda (placeholder)
2025-10-02 21:37:36 | Amadon | INFO     | info:76 | Abrindo módulo: Configuração (placeholder)
2025-10-02 21:37:38 | Amadon | INFO     | info:76 | Abrindo módulo: Busca (placeholder)
2025-10-02 21:37:39 | Amadon | INFO     | info:76 | Abrindo módulo: Artigos (placeholder)
2025-10-02 21:37:40 | Amadon | INFO     | info:76 | Abrindo módulo: Assuntos (placeholder)
2025-10-02 21:37:42 | Amadon | INFO     | info:76 | Abrindo módulo: Documentos (placeholder)
2025-10-02 21:37:43 | Amadon | INFO     | info:76 | Abrindo módulo: Documentos (placeholder)
2025-10-02 21:38:14 | Amadon | INFO     | info:76 | Aplicação encerrada normalmente com código: 0
2025-10-03 11:03:34 | Amadon | INFO     | info:76 | Usando configuração avançada de logging
2025-10-03 11:03:34 | Amadon | INFO     | info:76 | Iniciando aplicação Amadon
2025-10-03 11:03:34 | Amadon | DEBUG    | debug:71 | Ícone de janela aplicado com sucesso
2025-10-03 11:03:34 | Amadon | DEBUG    | debug:71 | Janela principal configurada
2025-10-03 11:03:34 | Amadon | INFO     | info:76 | Aplicação Amadon iniciada com sucesso
2025-10-03 11:03:52 | Amadon | INFO     | info:76 | Aplicação encerrada normalmente com código: 0
2025-10-03 11:18:44 | Amadon | INFO     | info:76 | Iniciando aplicação Amadon
2025-10-03 11:18:44 | Amadon | INFO     | info:76 | Iniciando aplicação Amadon
2025-10-03 11:18:44 | Amadon | DEBUG    | debug:71 | Ícone de janela aplicado com sucesso
2025-10-03 11:18:44 | Amadon | DEBUG    | debug:71 | Janela principal configurada
2025-10-03 11:18:44 | Amadon | INFO     | info:76 | Aplicação Amadon iniciada com sucesso
2025-10-03 11:18:46 | Amadon | INFO     | info:76 | Abrindo módulo: Artigos (placeholder)
2025-10-03 11:18:51 | Amadon | INFO     | info:76 | Aplicação encerrada normalmente com código: 0
2025-10-03 11:32:08 | Amadon | INFO     | info:76 | Iniciando aplicação Amadon
2025-10-03 11:32:08 | Amadon | INFO     | info:76 | Iniciando aplicação Amadon
2025-10-03 11:32:08 | Amadon | DEBUG    | debug:71 | Ícone de janela aplicado com sucesso
2025-10-03 11:32:08 | Amadon | DEBUG    | debug:71 | Janela principal configurada
2025-10-03 11:32:08 | Amadon | INFO     | info:76 | Aplicação Amadon iniciada com sucesso
2025-10-03 11:32:34 | Amadon | INFO     | info:76 | Aplicação encerrada normalmente com código: 0
2025-10-03 12:00:06 | Amadon | INFO     | info:76 | Iniciando aplicação Amadon
2025-10-03 12:00:06 | Amadon | INFO     | info:76 | Iniciando aplicação Amadon
2025-10-03 12:00:06 | Amadon | DEBUG    | debug:71 | Ícone de janela aplicado com sucesso
2025-10-03 12:00:06 | Amadon | DEBUG    | debug:71 | Janela principal configurada
2025-10-03 12:00:06 | Amadon | INFO     | info:76 | Aplicação Amadon iniciada com sucesso
2025-10-03 12:00:10 | Amadon | INFO     | info:76 | Abrindo módulo: Artigos (placeholder)
2025-10-03 12:00:12 | Amadon | INFO     | info:76 | Abrindo módulo: Assuntos (placeholder)
2025-10-03 12:00:14 | Amadon | INFO     | info:76 | Abrindo módulo: Ajuda (placeholder)
2025-10-03 12:00:21 | Amadon | INFO     | info:76 | Aplicação encerrada normalmente com código: 0
2025-10-03 12:20:39 | Amadon | INFO     | info:76 | Iniciando aplicação Amadon
2025-10-03 12:20:39 | Amadon | INFO     | info:76 | Iniciando aplicação Amadon
2025-10-03 12:20:39 | Amadon | DEBUG    | debug:71 | Ícone de janela aplicado com sucesso
2025-10-03 12:20:39 | Amadon | DEBUG    | debug:71 | Janela principal configurada
2025-10-03 12:20:39 | Amadon | INFO     | info:76 | Aplicação Amadon iniciada com sucesso
2025-10-03 12:20:48 | Amadon | INFO     | info:76 | Aplicação encerrada normalmente com código: 0
2025-10-03 12:22:36 | Amadon | INFO     | info:76 | Iniciando aplicação Amadon
2025-10-03 12:22:36 | Amadon | INFO     | info:76 | Iniciando aplicação Amadon
2025-10-03 12:22:36 | Amadon | DEBUG    | debug:71 | Ícone de janela aplicado com sucesso
2025-10-03 12:22:36 | Amadon | DEBUG    | debug:71 | Janela principal configurada
2025-10-03 12:22:36 | Amadon | INFO     | info:76 | Aplicação Amadon iniciada com sucesso
2025-10-03 12:22:47 | Amadon | INFO     | info:76 | Aplicação encerrada normalmente com código: 0
2025-10-03 12:23:26 | Amadon | INFO     | info:76 | Iniciando aplicação Amadon
2025-10-03 12:23:26 | Amadon | INFO     | info:76 | Iniciando aplicação Amadon
2025-10-03 12:23:26 | Amadon | DEBUG    | debug:71 | Ícone de janela aplicado com sucesso
2025-10-03 12:23:26 | Amadon | DEBUG    | debug:71 | Janela principal configurada
2025-10-03 12:23:26 | Amadon | INFO     | info:76 | Aplicação Amadon iniciada com sucesso
2025-10-03 12:23:34 | Amadon | INFO     | info:76 | Abrindo módulo: Busca (placeholder)
2025-10-03 12:23:39 | Amadon | INFO     | info:76 | Abrindo módulo: Configuração (placeholder)
2025-10-03 12:23:41 | Amadon | INFO     | info:76 | Aplicação encerrada normalmente com código: 0
2025-10-03 12:31:38 | Amadon | INFO     | info:76 | Iniciando aplicação Amadon
2025-10-03 12:31:38 | Amadon | INFO     | info:76 | Iniciando aplicação Amadon
2025-10-03 12:31:38 | Amadon | DEBUG    | debug:71 | Ícone de janela aplicado com sucesso
2025-10-03 12:31:38 | Amadon | DEBUG    | debug:71 | Janela principal configurada
2025-10-03 12:31:38 | Amadon | INFO     | info:76 | Aplicação Amadon iniciada com sucesso
2025-10-03 12:31:39 | Amadon | INFO     | info:76 | Abrindo módulo: Documentos (placeholder)
2025-10-03 12:31:42 | Amadon | INFO     | info:76 | Abrindo módulo: Assuntos (placeholder)
2025-10-03 12:31:44 | Amadon | INFO     | info:76 | Abrindo módulo: Artigos (placeholder)
2025-10-03 12:31:46 | Amadon | INFO     | info:76 | Abrindo módulo: Busca (placeholder)
2025-10-03 12:31:48 | Amadon | INFO     | info:76 | Abrindo módulo: Configuração (placeholder)
2025-10-03 12:31:50 | Amadon | INFO     | info:76 | Abrindo módulo: Ajuda (placeholder)
2025-10-03 12:31:52 | Amadon | INFO     | info:76 | Aplicação encerrada normalmente com código: 0
2025-10-03 12:35:53 | Amadon | INFO     | info:76 | Iniciando aplicação Amadon
2025-10-03 12:35:53 | Amadon | INFO     | info:76 | Iniciando aplicação Amadon
2025-10-03 12:35:53 | Amadon | DEBUG    | debug:71 | Ícone de janela aplicado com sucesso
2025-10-03 12:35:53 | Amadon | DEBUG    | debug:71 | Janela principal configurada
2025-10-03 12:35:53 | Amadon | INFO     | info:76 | Aplicação Amadon iniciada com sucesso
2025-10-03 12:35:57 | Amadon | INFO     | info:76 | Abrindo módulo: Configuração (placeholder)
2025-10-03 12:36:08 | Amadon | INFO     | info:76 | Abrindo módulo: Configuração (placeholder)
2025-10-03 12:36:16 | Amadon | INFO     | info:76 | Abrindo módulo: Configuração (placeholder)
2025-10-03 12:36:29 | Amadon | INFO     | info:76 | Aplicação encerrada normalmente com código: 0
2025-10-03 12:39:49 | Amadon | INFO     | info:76 | Iniciando aplicação Amadon
2025-10-03 12:39:49 | Amadon | INFO     | info:76 | Iniciando aplicação Amadon
2025-10-03 12:39:49 | Amadon | DEBUG    | debug:71 | Ícone de janela aplicado com sucesso
2025-10-03 12:39:49 | Amadon | DEBUG    | debug:71 | Janela principal configurada
2025-10-03 12:39:49 | Amadon | INFO     | info:76 | Aplicação Amadon iniciada com sucesso
2025-10-03 12:39:51 | Amadon | INFO     | info:76 | Abrindo módulo: Configuração (placeholder)
2025-10-03 12:40:05 | Amadon | INFO     | info:76 | Aplicação encerrada normalmente com código: 0
2025-10-03 12:56:34 | Amadon | INFO     | info:76 | Iniciando aplicação Amadon
2025-10-03 12:56:34 | Amadon | INFO     | info:76 | Iniciando aplicação Amadon
2025-10-03 12:56:34 | Amadon | DEBUG    | debug:71 | Ícone de janela aplicado com sucesso
2025-10-03 12:56:34 | Amadon | DEBUG    | debug:71 | Janela principal configurada
2025-10-03 12:56:34 | Amadon | INFO     | info:76 | Aplicação Amadon iniciada com sucesso
2025-10-03 12:56:36 | Amadon | INFO     | info:76 | Abrindo módulo: Documentos (placeholder)
2025-10-03 12:56:38 | Amadon | INFO     | info:76 | Abrindo módulo: Assuntos (placeholder)
2025-10-03 12:56:39 | Amadon | INFO     | info:76 | Abrindo módulo: Artigos (placeholder)
2025-10-03 12:56:41 | Amadon | INFO     | info:76 | Abrindo módulo: Busca (placeholder)
2025-10-03 12:56:43 | Amadon | INFO     | info:76 | Abrindo módulo: Configuração (placeholder)
2025-10-03 12:56:45 | Amadon | INFO     | info:76 | Abrindo módulo: Ajuda (placeholder)
2025-10-03 12:57:01 | Amadon | INFO     | info:76 | Abrindo módulo: Documentos (placeholder)
2025-10-03 14:25:20 | Amadon | INFO     | info:76 | Abrindo módulo: Documentos (placeholder)
2025-10-03 14:25:22 | Amadon | INFO     | info:76 | Abrindo módulo: Assuntos (placeholder)
2025-10-03 14:25:36 | Amadon | INFO     | info:76 | Aplicação encerrada normalmente com código: 0
2025-10-03 14:37:24 | Amadon | INFO     | info:76 | Iniciando aplicação Amadon
2025-10-03 14:37:24 | Amadon | INFO     | info:76 | Iniciando aplicação Amadon
2025-10-03 14:37:24 | Amadon | DEBUG    | debug:71 | Ícone de janela aplicado com sucesso
2025-10-03 14:37:24 | Amadon | DEBUG    | debug:71 | Janela principal configurada
2025-10-03 14:37:24 | Amadon | INFO     | info:76 | Aplicação Amadon iniciada com sucesso
2025-10-03 14:37:27 | Amadon | INFO     | info:76 | Abrindo módulo: Documentos (placeholder)
2025-10-03 14:37:36 | Amadon | INFO     | info:76 | Abrindo módulo: Documentos (placeholder)
2025-10-03 14:37:38 | Amadon | INFO     | info:76 | Abrindo módulo: Assuntos (placeholder)
2025-10-03 14:37:40 | Amadon | INFO     | info:76 | Abrindo módulo: Documentos (placeholder)
2025-10-03 14:37:49 | Amadon | INFO     | info:76 | Abrindo módulo: Artigos (placeholder)
2025-10-03 14:37:53 | Amadon | INFO     | info:76 | Abrindo módulo: Busca (placeholder)
2025-10-03 14:37:55 | Amadon | INFO     | info:76 | Abrindo módulo: Documentos (placeholder)
2025-10-03 14:38:48 | Amadon | INFO     | info:76 | Aplicação encerrada normalmente com código: 0
2025-10-03 14:47:11 | Amadon | INFO     | info:76 | Iniciando aplicação Amadon
2025-10-03 14:47:11 | Amadon | INFO     | info:76 | Iniciando aplicação Amadon
2025-10-03 14:47:11 | Amadon | DEBUG    | debug:71 | Ícone de janela aplicado com sucesso
2025-10-03 14:47:11 | Amadon | DEBUG    | debug:71 | Janela principal configurada
2025-10-03 14:47:12 | Amadon | INFO     | info:76 | Aplicação Amadon iniciada com sucesso
2025-10-03 14:47:14 | Amadon | INFO     | info:76 | Abrindo módulo: Documentos (placeholder)
2025-10-03 14:48:09 | Amadon | INFO     | info:76 | Aplicação encerrada normalmente com código: 0
2025-10-03 15:36:45 | Amadon | INFO     | info:76 | Iniciando aplicação Amadon
2025-10-03 15:36:45 | Amadon | INFO     | info:76 | Iniciando aplicação Amadon
2025-10-03 15:36:45 | Amadon | DEBUG    | debug:71 | Ícone de janela aplicado com sucesso
2025-10-03 15:36:45 | Amadon | DEBUG    | debug:71 | Janela principal configurada
2025-10-03 15:36:45 | Amadon | INFO     | info:76 | Aplicação Amadon iniciada com sucesso
2025-10-03 15:36:51 | Amadon | INFO     | info:76 | Abrindo módulo: Documentos (placeholder)
2025-10-03 15:37:02 | Amadon | INFO     | info:76 | Aplicação encerrada normalmente com código: 0
2025-10-03 15:37:50 | Amadon | INFO     | info:76 | Iniciando aplicação Amadon
2025-10-03 15:37:50 | Amadon | INFO     | info:76 | Iniciando aplicação Amadon
2025-10-03 15:37:50 | Amadon | DEBUG    | debug:71 | Ícone de janela aplicado com sucesso
2025-10-03 15:37:50 | Amadon | DEBUG    | debug:71 | Janela principal configurada
2025-10-03 15:37:50 | Amadon | INFO     | info:76 | Aplicação Amadon iniciada com sucesso
2025-10-03 15:37:53 | Amadon | INFO     | info:76 | Abrindo módulo: Configuração (placeholder)
2025-10-03 15:38:07 | Amadon | INFO     | info:76 | Aplicação encerrada normalmente com código: 0
2025-10-03 15:49:40 | Amadon | INFO     | info:76 | Iniciando aplicação Amadon
2025-10-03 15:49:40 | Amadon | INFO     | info:76 | Iniciando aplicação Amadon
2025-10-03 15:49:40 | Amadon | DEBUG    | debug:71 | Ícone de janela aplicado com sucesso
2025-10-03 15:49:40 | Amadon | DEBUG    | debug:71 | Janela principal configurada
2025-10-03 15:49:40 | Amadon | INFO     | info:76 | Aplicação Amadon iniciada com sucesso
2025-10-03 15:49:42 | Amadon | INFO     | info:76 | Abrindo módulo: Documentos (placeholder)
2025-10-03 15:49:57 | Amadon | INFO     | info:76 | Aplicação encerrada normalmente com código: 0
2025-10-03 15:59:48 | Amadon | INFO     | info:76 | Iniciando aplicação Amadon
2025-10-03 15:59:48 | Amadon | INFO     | info:76 | Iniciando aplicação Amadon
2025-10-03 15:59:48 | Amadon | DEBUG    | debug:71 | Ícone de janela aplicado com sucesso
2025-10-03 15:59:48 | Amadon | DEBUG    | debug:71 | Janela principal configurada
2025-10-03 15:59:48 | Amadon | INFO     | info:76 | Aplicação Amadon iniciada com sucesso
2025-10-03 15:59:50 | Amadon | INFO     | info:76 | Abrindo módulo: Documentos (placeholder)
2025-10-03 16:00:13 | Amadon | INFO     | info:76 | Abrindo nó de documentos: doc://parte1/sec1/doc1
2025-10-03 16:00:16 | Amadon | INFO     | info:76 | Abrindo nó de documentos: doc://parte1/sec1/doc2
2025-10-03 16:00:19 | Amadon | INFO     | info:76 | Abrindo nó de documentos: doc://parte2/a/a1
2025-10-03 16:00:29 | Amadon | INFO     | info:76 | Aplicação encerrada normalmente com código: 0
2025-10-03 16:16:32 | Amadon | INFO     | info:76 | Iniciando aplicação Amadon
2025-10-03 16:16:32 | Amadon | INFO     | info:76 | Iniciando aplicação Amadon
2025-10-03 16:16:32 | Amadon | DEBUG    | debug:71 | Ícone de janela aplicado com sucesso
2025-10-03 16:16:32 | Amadon | DEBUG    | debug:71 | Janela principal configurada
2025-10-03 16:16:32 | Amadon | INFO     | info:76 | Aplicação Amadon iniciada com sucesso
2025-10-03 16:16:35 | Amadon | INFO     | info:76 | Abrindo módulo: Configuração (placeholder)
2025-10-03 16:16:59 | Amadon | INFO     | info:76 | Abrindo módulo: Configuração (placeholder)
2025-10-03 16:17:21 | Amadon | INFO     | info:76 | Abrindo módulo: Documentos (placeholder)
2025-10-03 16:17:26 | Amadon | INFO     | info:76 | Abrindo nó de documentos: doc://parte1/sec1/doc2
2025-10-03 16:17:55 | Amadon | INFO     | info:76 | Aplicação encerrada normalmente com código: 0
2025-10-03 16:23:53 | Amadon | INFO     | info:76 | Iniciando aplicação Amadon
2025-10-03 16:23:53 | Amadon | INFO     | info:76 | Iniciando aplicação Amadon
2025-10-03 16:23:53 | Amadon | DEBUG    | debug:71 | Ícone de janela aplicado com sucesso
2025-10-03 16:23:53 | Amadon | DEBUG    | debug:71 | Janela principal configurada
2025-10-03 16:23:53 | Amadon | INFO     | info:76 | Aplicação Amadon iniciada com sucesso
2025-10-03 16:23:55 | Amadon | INFO     | info:76 | Abrindo módulo: Documentos (placeholder)
2025-10-03 16:24:03 | Amadon | INFO     | info:76 | Aplicação encerrada normalmente com código: 0
2025-10-03 16:24:06 | Amadon | INFO     | info:76 | Iniciando aplicação Amadon
2025-10-03 16:24:06 | Amadon | INFO     | info:76 | Iniciando aplicação Amadon
2025-10-03 16:24:06 | Amadon | DEBUG    | debug:71 | Ícone de janela aplicado com sucesso
2025-10-03 16:24:06 | Amadon | DEBUG    | debug:71 | Janela principal configurada
2025-10-03 16:24:06 | Amadon | INFO     | info:76 | Abrindo módulo: Documentos (placeholder)
2025-10-03 16:24:06 | Amadon | INFO     | info:76 | Aplicação Amadon iniciada com sucesso
2025-10-03 16:24:26 | Amadon | INFO     | info:76 | Aplicação encerrada normalmente com código: 0
2025-10-03 16:35:31 | Amadon | INFO     | info:76 | Iniciando aplicação Amadon
2025-10-03 16:35:31 | Amadon | INFO     | info:76 | Iniciando aplicação Amadon
2025-10-03 16:35:31 | Amadon | DEBUG    | debug:71 | Ícone de janela aplicado com sucesso
2025-10-03 16:35:31 | Amadon | DEBUG    | debug:71 | Janela principal configurada
2025-10-03 16:35:31 | Amadon | INFO     | info:76 | Abrindo módulo: Documentos (placeholder)
2025-10-03 16:35:34 | Amadon | INFO     | info:76 | Aplicação Amadon iniciada com sucesso
2025-10-03 16:35:39 | Amadon | INFO     | info:76 | Abrindo nó de documentos: doc://parte1/sec1/doc1
2025-10-03 16:35:40 | Amadon | INFO     | info:76 | Abrindo nó de documentos: doc://parte1/sec1/doc2
2025-10-03 16:35:41 | Amadon | INFO     | info:76 | Abrindo nó de documentos: doc://parte2/a
2025-10-03 16:35:43 | Amadon | INFO     | info:76 | Abrindo nó de documentos: doc://parte1/sec1
2025-10-03 16:35:55 | Amadon | INFO     | info:76 | Abrindo módulo: Configuração (placeholder)
2025-10-03 16:36:07 | Amadon | INFO     | info:76 | Abrindo módulo: Documentos (placeholder)
2025-10-03 16:36:12 | Amadon | INFO     | info:76 | Abrindo módulo: Documentos (placeholder)
2025-10-03 16:37:02 | Amadon | INFO     | info:76 | Abrindo módulo: Busca (placeholder)
2025-10-03 16:37:09 | Amadon | INFO     | info:76 | Aplicação encerrada normalmente com código: 0
2025-10-03 18:40:07 | Amadon | INFO     | info:76 | Iniciando aplicação Amadon
2025-10-03 18:40:07 | Amadon | INFO     | info:76 | Iniciando aplicação Amadon
2025-10-03 18:40:07 | Amadon | DEBUG    | debug:71 | Ícone de janela aplicado com sucesso
2025-10-03 18:40:07 | Amadon | DEBUG    | debug:71 | Janela principal configurada
2025-10-03 18:40:07 | Amadon | INFO     | info:76 | Abrindo módulo: Busca (placeholder)
2025-10-03 18:40:09 | Amadon | INFO     | info:76 | Aplicação Amadon iniciada com sucesso
2025-10-03 18:40:15 | Amadon | INFO     | info:76 | Abrindo módulo: Documentos (placeholder)
2025-10-03 18:40:19 | Amadon | INFO     | info:76 | Aplicação encerrada normalmente com código: 0
2025-10-03 18:54:14 | Amadon | INFO     | info:76 | Iniciando aplicação Amadon
2025-10-03 18:54:14 | Amadon | INFO     | info:76 | Iniciando aplicação Amadon
2025-10-03 18:54:14 | Amadon | DEBUG    | debug:71 | Ícone de janela aplicado com sucesso
2025-10-03 18:54:14 | Amadon | DEBUG    | debug:71 | Janela principal configurada
2025-10-03 18:54:14 | Amadon | INFO     | info:76 | Abrindo módulo: Documentos (placeholder)
2025-10-03 18:54:14 | Amadon | INFO     | info:76 | Aplicação Amadon iniciada com sucesso
2025-10-03 18:54:18 | Amadon | INFO     | info:76 | Abrindo nó de documentos: doc://parte1/sec2/doc3
2025-10-03 18:54:21 | Amadon | INFO     | info:76 | Abrindo nó de documentos: doc://parte2/a/a1
2025-10-03 18:54:29 | Amadon | INFO     | info:76 | Abrindo nó de documentos: doc://parte1/sec1/doc1
2025-10-03 18:54:30 | Amadon | INFO     | info:76 | Abrindo nó de documentos: doc://parte1/sec1
2025-10-03 18:54:32 | Amadon | INFO     | info:76 | Abrindo nó de documentos: doc://parte1/sec1/doc1
2025-10-03 18:55:16 | Amadon | INFO     | info:76 | Aplicação encerrada normalmente com código: 0
2025-10-03 18:58:21 | Amadon | INFO     | info:76 | Iniciando aplicação Amadon
2025-10-03 18:58:21 | Amadon | INFO     | info:76 | Iniciando aplicação Amadon
2025-10-03 18:58:21 | Amadon | DEBUG    | debug:71 | Ícone de janela aplicado com sucesso
2025-10-03 18:58:21 | Amadon | DEBUG    | debug:71 | Janela principal configurada
2025-10-03 18:58:21 | Amadon | INFO     | info:76 | Abrindo módulo: Documentos (placeholder)
2025-10-03 18:58:21 | Amadon | INFO     | info:76 | Aplicação Amadon iniciada com sucesso
2025-10-03 18:59:23 | Amadon | INFO     | info:76 | Aplicação encerrada normalmente com código: 0
2025-10-03 19:06:50 | Amadon | INFO     | info:76 | Iniciando aplicação Amadon
2025-10-03 19:06:50 | Amadon | INFO     | info:76 | Iniciando aplicação Amadon
2025-10-03 19:06:50 | Amadon | DEBUG    | debug:71 | Ícone de janela aplicado com sucesso
2025-10-03 19:06:50 | Amadon | DEBUG    | debug:71 | Janela principal configurada
2025-10-03 19:06:50 | Amadon | INFO     | info:76 | Abrindo módulo: Documentos (placeholder)
2025-10-03 19:06:52 | Amadon | INFO     | info:76 | Aplicação Amadon iniciada com sucesso
2025-10-03 19:06:54 | Amadon | INFO     | info:76 | Abrindo nó de documentos: doc://Doc006.html#p001_002_001
2025-10-03 19:06:57 | Amadon | INFO     | info:76 | Abrindo nó de documentos: doc://Doc004.html#p001_001_002
2025-10-03 19:07:03 | Amadon | INFO     | info:76 | Abrindo nó de documentos: doc://Doc012.html#p002_001_001
2025-10-03 19:07:06 | Amadon | INFO     | info:76 | Abrindo nó de documentos: doc://Doc011.html#p002_001_000
2025-10-03 19:07:08 | Amadon | INFO     | info:76 | Abrindo nó de documentos: doc://Doc010.html#p002_000_000
2025-10-03 19:07:11 | Amadon | INFO     | info:76 | Abrindo nó de documentos: doc://Doc002.html#p001_001_000
2025-10-03 19:07:15 | Amadon | INFO     | info:76 | Abrindo nó de documentos: doc://Doc001.html#p001_000_000
2025-10-03 19:07:36 | Amadon | INFO     | info:76 | Aplicação encerrada normalmente com código: 0
2025-10-04 08:15:42 | Amadon | INFO     | info:76 | Iniciando aplicação Amadon
2025-10-04 08:15:42 | Amadon | INFO     | info:76 | Iniciando aplicação Amadon
2025-10-04 08:15:42 | Amadon | DEBUG    | debug:71 | Ícone de janela aplicado com sucesso
2025-10-04 08:15:42 | Amadon | DEBUG    | debug:71 | Janela principal configurada
2025-10-04 08:15:42 | Amadon | INFO     | info:76 | Abrindo módulo: Documentos (placeholder)
2025-10-04 08:15:43 | Amadon | INFO     | info:76 | Aplicação Amadon iniciada com sucesso
2025-10-04 08:15:47 | Amadon | INFO     | info:76 | Aplicação encerrada normalmente com código: 0
2025-10-04 08:16:14 | Amadon | INFO     | info:76 | Iniciando aplicação Amadon
2025-10-04 08:16:14 | Amadon | INFO     | info:76 | Iniciando aplicação Amadon
2025-10-04 08:16:14 | Amadon | DEBUG    | debug:71 | Ícone de janela aplicado com sucesso
2025-10-04 08:16:14 | Amadon | DEBUG    | debug:71 | Janela principal configurada
2025-10-04 08:16:14 | Amadon | INFO     | info:76 | Abrindo módulo: Documentos (placeholder)
2025-10-04 08:16:15 | Amadon | INFO     | info:76 | Aplicação Amadon iniciada com sucesso
2025-10-04 08:16:18 | Amadon | INFO     | info:76 | Abrindo nó de documentos: doc://Doc004.html#p001_001_002
2025-10-04 08:16:23 | Amadon | INFO     | info:76 | Abrindo nó de documentos: doc://Doc003.html#p001_001_001
2025-10-04 08:16:26 | Amadon | INFO     | info:76 | Abrindo nó de documentos: doc://Doc004.html#p001_001_002
2025-10-04 08:22:05 | Amadon | INFO     | info:76 | Aplicação encerrada normalmente com código: 0
2025-10-04 08:22:06 | Amadon | INFO     | info:76 | Iniciando aplicação Amadon
2025-10-04 08:22:06 | Amadon | INFO     | info:76 | Iniciando aplicação Amadon
2025-10-04 08:22:06 | Amadon | DEBUG    | debug:71 | Ícone de janela aplicado com sucesso
2025-10-04 08:22:06 | Amadon | DEBUG    | debug:71 | Janela principal configurada
2025-10-04 08:22:06 | Amadon | INFO     | info:76 | Abrindo módulo: Documentos (placeholder)
2025-10-04 08:22:08 | Amadon | INFO     | info:76 | Aplicação Amadon iniciada com sucesso
2025-10-04 08:22:11 | Amadon | INFO     | info:76 | Abrindo módulo: Assuntos (placeholder)
2025-10-04 08:22:14 | Amadon | INFO     | info:76 | Abrindo módulo: Artigos (placeholder)
2025-10-04 08:22:16 | Amadon | INFO     | info:76 | Abrindo módulo: Busca (placeholder)
2025-10-04 08:22:18 | Amadon | INFO     | info:76 | Abrindo módulo: Documentos (placeholder)
2025-10-04 08:22:26 | Amadon | INFO     | info:76 | Aplicação encerrada normalmente com código: 0
2025-10-04 08:24:59 | Amadon | INFO     | info:76 | Iniciando aplicação Amadon
2025-10-04 08:24:59 | Amadon | INFO     | info:76 | Iniciando aplicação Amadon
2025-10-04 08:24:59 | Amadon | DEBUG    | debug:71 | Ícone de janela aplicado com sucesso
2025-10-04 08:24:59 | Amadon | DEBUG    | debug:71 | Janela principal configurada
2025-10-04 08:24:59 | Amadon | INFO     | info:76 | Abrindo módulo: Documentos (placeholder)
2025-10-04 08:25:01 | Amadon | INFO     | info:76 | Aplicação Amadon iniciada com sucesso
2025-10-04 08:25:04 | Amadon | INFO     | info:76 | Abrindo módulo: Configuração (placeholder)
2025-10-04 08:26:36 | Amadon | INFO     | info:76 | Abrindo nó de documentos: doc://Doc004.html#p001_001_002
2025-10-04 08:29:33 | Amadon | INFO     | info:76 | Aplicação encerrada normalmente com código: 0
2025-10-04 08:30:18 | Amadon | INFO     | info:76 | Iniciando aplicação Amadon
2025-10-04 08:30:18 | Amadon | INFO     | info:76 | Iniciando aplicação Amadon
2025-10-04 08:30:18 | Amadon | DEBUG    | debug:71 | Ícone de janela aplicado com sucesso
2025-10-04 08:30:18 | Amadon | DEBUG    | debug:71 | Janela principal configurada
2025-10-04 08:30:18 | Amadon | INFO     | info:76 | Abrindo módulo: Configuração (placeholder)
2025-10-04 08:30:27 | Amadon | INFO     | info:76 | Aplicação Amadon iniciada com sucesso
2025-10-04 08:30:33 | Amadon | INFO     | info:76 | Abrindo módulo: Documentos (placeholder)
2025-10-04 08:30:35 | Amadon | INFO     | info:76 | Abrindo nó de documentos: doc://Doc004.html#p001_001_002
2025-10-04 08:30:37 | Amadon | INFO     | info:76 | Abrindo nó de documentos: doc://Doc003.html#p001_001_001
2025-10-04 08:30:44 | Amadon | INFO     | info:76 | Abrindo nó de documentos: doc://Doc004.html#p001_001_002
2025-10-04 08:30:46 | Amadon | INFO     | info:76 | Aplicação encerrada normalmente com código: 0
2025-10-04 08:31:04 | Amadon | INFO     | info:76 | Iniciando aplicação Amadon
2025-10-04 08:31:04 | Amadon | INFO     | info:76 | Iniciando aplicação Amadon
2025-10-04 08:31:04 | Amadon | DEBUG    | debug:71 | Ícone de janela aplicado com sucesso
2025-10-04 08:31:04 | Amadon | DEBUG    | debug:71 | Janela principal configurada
2025-10-04 08:31:04 | Amadon | INFO     | info:76 | Abrindo módulo: Documentos (placeholder)
2025-10-04 08:31:04 | Amadon | INFO     | info:76 | Aplicação Amadon iniciada com sucesso
2025-10-04 08:31:20 | Amadon | INFO     | info:76 | Abrindo módulo: Busca (placeholder)
2025-10-04 08:31:24 | Amadon | INFO     | info:76 | Abrindo módulo: Configuração (placeholder)
2025-10-04 08:32:51 | Amadon | INFO     | info:76 | Aplicação encerrada normalmente com código: 0
2025-10-04 08:34:05 | Amadon | INFO     | info:76 | Iniciando aplicação Amadon
2025-10-04 08:34:05 | Amadon | INFO     | info:76 | Iniciando aplicação Amadon
2025-10-04 08:34:05 | Amadon | DEBUG    | debug:71 | Ícone de janela aplicado com sucesso
2025-10-04 08:34:05 | Amadon | DEBUG    | debug:71 | Janela principal configurada
2025-10-04 08:34:05 | Amadon | INFO     | info:76 | Abrindo módulo: Configuração (placeholder)
2025-10-04 08:34:13 | Amadon | INFO     | info:76 | Aplicação Amadon iniciada com sucesso
2025-10-04 08:34:16 | Amadon | INFO     | info:76 | Abrindo módulo: Documentos (placeholder)
2025-10-04 08:34:18 | Amadon | INFO     | info:76 | Abrindo nó de documentos: doc://Doc004.html#p001_001_002
2025-10-04 08:34:30 | Amadon | INFO     | info:76 | Aplicação encerrada normalmente com código: 0
2025-10-04 08:37:04 | Amadon | INFO     | info:76 | Iniciando aplicação Amadon
2025-10-04 08:37:04 | Amadon | INFO     | info:76 | Iniciando aplicação Amadon
2025-10-04 08:37:04 | Amadon | DEBUG    | debug:71 | Ícone de janela aplicado com sucesso
2025-10-04 08:37:04 | Amadon | DEBUG    | debug:71 | Janela principal configurada
2025-10-04 08:37:04 | Amadon | INFO     | info:76 | Abrindo módulo: Documentos (placeholder)
2025-10-04 08:37:04 | Amadon | INFO     | info:76 | Aplicação Amadon iniciada com sucesso
2025-10-04 08:38:40 | Amadon | INFO     | info:76 | Aplicação encerrada normalmente com código: 0
2025-10-04 08:40:28 | Amadon | INFO     | info:76 | Iniciando aplicação Amadon
2025-10-04 08:40:28 | Amadon | INFO     | info:76 | Iniciando aplicação Amadon
2025-10-04 08:40:28 | Amadon | DEBUG    | debug:71 | Ícone de janela aplicado com sucesso
2025-10-04 08:40:28 | Amadon | DEBUG    | debug:71 | Janela principal configurada
2025-10-04 08:40:28 | Amadon | INFO     | info:76 | Abrindo módulo: Documentos (placeholder)
2025-10-04 08:40:28 | Amadon | INFO     | info:76 | Aplicação Amadon iniciada com sucesso
2025-10-04 08:40:43 | Amadon | INFO     | info:76 | Abrindo nó de documentos: doc://Doc006.html#p001_002_001
2025-10-04 08:40:44 | Amadon | INFO     | info:76 | Abrindo nó de documentos: doc://Doc004.html#p001_001_002
2025-10-04 08:40:46 | Amadon | INFO     | info:76 | Abrindo nó de documentos: doc://Doc003.html#p001_001_001
2025-10-04 08:41:16 | Amadon | INFO     | info:76 | Abrindo nó de documentos: doc://Doc006.html#p001_002_001
2025-10-04 08:41:17 | Amadon | INFO     | info:76 | Abrindo nó de documentos: doc://Doc004.html#p001_001_002
2025-10-04 08:41:19 | Amadon | INFO     | info:76 | Abrindo nó de documentos: doc://Doc012.html#p002_001_001
2025-10-04 08:41:27 | Amadon | INFO     | info:76 | Abrindo módulo: Artigos (placeholder)
2025-10-04 08:41:33 | Amadon | INFO     | info:76 | Aplicação encerrada normalmente com código: 0
2025-10-04 08:45:49 | Amadon | INFO     | info:76 | Iniciando aplicação Amadon
2025-10-04 08:45:49 | Amadon | INFO     | info:76 | Iniciando aplicação Amadon
2025-10-04 08:45:49 | Amadon | DEBUG    | debug:71 | Ícone de janela aplicado com sucesso
2025-10-04 08:45:49 | Amadon | DEBUG    | debug:71 | Janela principal configurada
2025-10-04 08:45:49 | Amadon | INFO     | info:76 | Abrindo módulo: Artigos (placeholder)
2025-10-04 08:45:50 | Amadon | INFO     | info:76 | Aplicação Amadon iniciada com sucesso
2025-10-04 08:45:52 | Amadon | INFO     | info:76 | Abrindo módulo: Documentos (placeholder)
2025-10-04 08:45:53 | Amadon | INFO     | info:76 | Abrindo nó de documentos: doc://Doc006.html#p001_002_001
2025-10-04 08:45:55 | Amadon | INFO     | info:76 | Abrindo nó de documentos: doc://Doc004.html#p001_001_002
2025-10-04 08:45:56 | Amadon | INFO     | info:76 | Abrindo nó de documentos: doc://Doc003.html#p001_001_001
2025-10-04 08:45:57 | Amadon | INFO     | info:76 | Abrindo nó de documentos: doc://Doc012.html#p002_001_001
2025-10-04 08:46:01 | Amadon | INFO     | info:76 | Aplicação encerrada normalmente com código: 0
2025-10-04 08:46:28 | Amadon | INFO     | info:76 | Iniciando aplicação Amadon
2025-10-04 08:46:28 | Amadon | INFO     | info:76 | Iniciando aplicação Amadon
2025-10-04 08:46:28 | Amadon | DEBUG    | debug:71 | Ícone de janela aplicado com sucesso
2025-10-04 08:46:28 | Amadon | DEBUG    | debug:71 | Janela principal configurada
2025-10-04 08:46:28 | Amadon | INFO     | info:76 | Abrindo módulo: Documentos (placeholder)
2025-10-04 08:46:28 | Amadon | INFO     | info:76 | Aplicação Amadon iniciada com sucesso
2025-10-04 08:46:37 | Amadon | INFO     | info:76 | Abrindo nó de documentos: doc://Doc006.html#p001_002_001
2025-10-04 08:46:39 | Amadon | INFO     | info:76 | Aplicação encerrada normalmente com código: 0
2025-10-04 08:48:54 | Amadon | INFO     | info:76 | Iniciando aplicação Amadon
2025-10-04 08:48:54 | Amadon | INFO     | info:76 | Iniciando aplicação Amadon
2025-10-04 08:48:54 | Amadon | DEBUG    | debug:71 | Ícone de janela aplicado com sucesso
2025-10-04 08:48:54 | Amadon | DEBUG    | debug:71 | Janela principal configurada
2025-10-04 08:48:54 | Amadon | INFO     | info:76 | Abrindo módulo: Documentos (placeholder)
2025-10-04 08:48:57 | Amadon | INFO     | info:76 | Aplicação Amadon iniciada com sucesso
2025-10-04 08:49:00 | Amadon | INFO     | info:76 | Abrindo nó de documentos: doc://Doc006.html#p001_002_001
2025-10-04 08:49:01 | Amadon | INFO     | info:76 | Abrindo nó de documentos: doc://Doc004.html#p001_001_002
2025-10-04 08:49:02 | Amadon | INFO     | info:76 | Abrindo nó de documentos: doc://Doc003.html#p001_001_001
2025-10-04 08:49:06 | Amadon | INFO     | info:76 | Abrindo nó de documentos: doc://Doc012.html#p002_001_001
2025-10-04 08:49:10 | Amadon | INFO     | info:76 | Aplicação encerrada normalmente com código: 0
2025-10-04 08:49:32 | Amadon | INFO     | info:76 | Iniciando aplicação Amadon
2025-10-04 08:49:32 | Amadon | INFO     | info:76 | Iniciando aplicação Amadon
2025-10-04 08:49:32 | Amadon | DEBUG    | debug:71 | Ícone de janela aplicado com sucesso
2025-10-04 08:49:32 | Amadon | DEBUG    | debug:71 | Janela principal configurada
2025-10-04 08:49:32 | Amadon | INFO     | info:76 | Abrindo módulo: Documentos (placeholder)
2025-10-04 08:49:33 | Amadon | INFO     | info:76 | Aplicação Amadon iniciada com sucesso
2025-10-04 08:49:35 | Amadon | INFO     | info:76 | Abrindo nó de documentos: doc://Doc004.html#p001_001_002
2025-10-04 08:49:38 | Amadon | INFO     | info:76 | Abrindo nó de documentos: doc://Doc006.html#p001_002_001
2025-10-04 08:49:46 | Amadon | INFO     | info:76 | Abrindo nó de documentos: doc://Doc004.html#p001_001_002
2025-10-04 08:49:47 | Amadon | INFO     | info:76 | Abrindo nó de documentos: doc://Doc003.html#p001_001_001
2025-10-04 08:49:49 | Amadon | INFO     | info:76 | Abrindo nó de documentos: doc://Doc012.html#p002_001_001
2025-10-04 08:49:52 | Amadon | INFO     | info:76 | Aplicação encerrada normalmente com código: 0
2025-10-04 08:53:51 | Amadon | INFO     | info:76 | Iniciando aplicação Amadon
2025-10-04 08:53:51 | Amadon | INFO     | info:76 | Iniciando aplicação Amadon
2025-10-04 08:53:51 | Amadon | DEBUG    | debug:71 | Ícone de janela aplicado com sucesso
2025-10-04 08:53:51 | Amadon | DEBUG    | debug:71 | Janela principal configurada
2025-10-04 08:53:51 | Amadon | INFO     | info:76 | Abrindo módulo: Documentos (placeholder)
2025-10-04 08:53:51 | Amadon | INFO     | info:76 | Aplicação Amadon iniciada com sucesso
2025-10-04 08:53:54 | Amadon | INFO     | info:76 | Abrindo módulo: Assuntos (placeholder)
2025-10-04 08:53:55 | Amadon | INFO     | info:76 | Abrindo módulo: Artigos (placeholder)
2025-10-04 08:53:57 | Amadon | INFO     | info:76 | Abrindo módulo: Configuração (placeholder)
2025-10-04 08:54:21 | Amadon | INFO     | info:76 | Aplicação encerrada normalmente com código: 0
2025-10-04 10:11:02 | Amadon | INFO     | info:76 | Iniciando aplicação Amadon
2025-10-04 10:11:02 | Amadon | INFO     | info:76 | Iniciando aplicação Amadon
2025-10-04 10:11:02 | Amadon | DEBUG    | debug:71 | Ícone de janela aplicado com sucesso
2025-10-04 10:11:02 | Amadon | DEBUG    | debug:71 | Janela principal configurada
2025-10-04 10:11:02 | Amadon | INFO     | info:76 | Abrindo módulo: Configuração (placeholder)
2025-10-04 10:11:07 | Amadon | INFO     | info:76 | Aplicação Amadon iniciada com sucesso
2025-10-04 10:11:10 | Amadon | INFO     | info:76 | Aplicação encerrada normalmente com código: 0
2025-10-04 10:11:25 | Amadon | INFO     | info:76 | Iniciando aplicação Amadon
2025-10-04 10:11:25 | Amadon | INFO     | info:76 | Iniciando aplicação Amadon
2025-10-04 10:11:25 | Amadon | DEBUG    | debug:71 | Ícone de janela aplicado com sucesso
2025-10-04 10:11:25 | Amadon | DEBUG    | debug:71 | Janela principal configurada
2025-10-04 10:11:36 | Amadon | INFO     | info:76 | Abrindo módulo: Configuração (placeholder)
2025-10-04 10:12:26 | Amadon | INFO     | info:76 | Iniciando aplicação Amadon
2025-10-04 10:12:26 | Amadon | INFO     | info:76 | Iniciando aplicação Amadon
2025-10-04 10:12:26 | Amadon | DEBUG    | debug:71 | Ícone de janela aplicado com sucesso
2025-10-04 10:12:26 | Amadon | DEBUG    | debug:71 | Janela principal configurada
2025-10-04 10:13:14 | Amadon | INFO     | info:76 | Iniciando aplicação Amadon
2025-10-04 10:13:14 | Amadon | INFO     | info:76 | Iniciando aplicação Amadon
2025-10-04 10:13:14 | Amadon | DEBUG    | debug:71 | Ícone de janela aplicado com sucesso
2025-10-04 10:13:14 | Amadon | DEBUG    | debug:71 | Janela principal configurada
2025-10-04 10:13:20 | Amadon | INFO     | info:76 | Abrindo módulo: Configuração (placeholder)
2025-10-04 10:22:45 | Amadon | INFO     | info:76 | Iniciando aplicação Amadon
2025-10-04 10:22:45 | Amadon | INFO     | info:76 | Iniciando aplicação Amadon
2025-10-04 10:22:45 | Amadon | DEBUG    | debug:71 | Ícone de janela aplicado com sucesso
2025-10-04 10:22:45 | Amadon | DEBUG    | debug:71 | Janela principal configurada
2025-10-04 10:22:45 | Amadon | INFO     | info:76 | Abrindo módulo: Documentos (placeholder)
2025-10-04 10:22:47 | Amadon | INFO     | info:76 | Aplicação Amadon iniciada com sucesso
2025-10-04 10:22:51 | Amadon | INFO     | info:76 | Abrindo módulo: Configuração (placeholder)
2025-10-04 10:22:58 | Amadon | INFO     | info:76 | Aplicação encerrada normalmente com código: 0
2025-10-04 10:48:23 | Amadon | INFO     | info:74 | Iniciando aplicação Amadon
2025-10-04 10:48:23 | Amadon | INFO     | info:74 | Iniciando aplicação Amadon
2025-10-04 10:48:23 | Amadon | DEBUG    | debug:69 | Ícone de janela aplicado com sucesso
2025-10-04 10:48:23 | Amadon | DEBUG    | debug:69 | Janela principal configurada
2025-10-04 10:48:23 | Amadon | INFO     | info:74 | Abrindo módulo: Documentos (placeholder)
2025-10-04 10:48:23 | Amadon | INFO     | info:74 | Aplicação Amadon iniciada com sucesso
2025-10-04 10:48:34 | Amadon | INFO     | info:74 | Aplicação encerrada normalmente com código: 0
2025-10-04 11:27:44 | Amadon | INFO     | info:74 | Iniciando aplicação Amadon
2025-10-04 11:27:44 | Amadon | INFO     | info:74 | Iniciando aplicação Amadon
2025-10-04 11:27:44 | Amadon | DEBUG    | debug:69 | Ícone de janela aplicado com sucesso
2025-10-04 11:27:44 | Amadon | DEBUG    | debug:69 | Janela principal configurada
2025-10-04 11:27:44 | Amadon | INFO     | info:74 | Abrindo módulo: Documentos (placeholder)
2025-10-04 11:27:47 | Amadon | INFO     | info:74 | Aplicação Amadon iniciada com sucesso
2025-10-04 11:28:56 | Amadon | INFO     | info:74 | Abrindo nó de documentos: doc://Doc004.html#p001_001_002
2025-10-04 11:28:57 | Amadon | INFO     | info:74 | Abrindo nó de documentos: doc://Doc003.html#p001_001_001
2025-10-04 11:28:59 | Amadon | INFO     | info:74 | Abrindo nó de documentos: doc://Doc006.html#p001_002_001
2025-10-04 11:29:05 | Amadon | INFO     | info:74 | Abrindo módulo: Assuntos (placeholder)
2025-10-04 11:29:06 | Amadon | INFO     | info:74 | Abrindo módulo: Artigos (placeholder)
2025-10-04 11:29:07 | Amadon | INFO     | info:74 | Abrindo módulo: Busca (placeholder)
2025-10-04 11:29:08 | Amadon | INFO     | info:74 | Abrindo módulo: Configuração (placeholder)
2025-10-04 11:29:19 | Amadon | INFO     | info:74 | Abrindo módulo: Documentos (placeholder)
2025-10-04 11:32:20 | Amadon | INFO     | info:74 | Aplicação encerrada normalmente com código: 0
